<?xml version="1.0" encoding="UTF-8"?>
<!-- Generated by org.testng.reporters.JUnitReportReporter -->
<testsuite hostname="DESKTOP-DI2BRES" failures="0" tests="3" name="newDay1.FirstTestCase" time="0.006" errors="0" timestamp="2025-04-04T19:06:02 IST" skipped="0">
  <testcase classname="newDay1.FirstTestCase" name="logout" time="0.002"/>
  <system-out/>
  <testcase classname="newDay1.FirstTestCase" name="openApp" time="0.002"/>
  <system-out/>
  <testcase classname="newDay1.FirstTestCase" name="login" time="0.002"/>
  <system-out/>
</testsuite> <!-- newDay1.FirstTestCase -->
