<?xml version="1.0" encoding="UTF-8"?>
<!-- Generated by org.testng.reporters.JUnitReportReporter -->
<testsuite hostname="DESKTOP-DI2BRES" failures="0" tests="4" name="newDay1.AdactinHotelLogin" time="13.253" errors="0" timestamp="2025-04-04T19:06:02 IST" skipped="0">
  <testcase classname="newDay1.AdactinHotelLogin" name="openApp" time="8.389"/>
  <system-out/>
  <testcase classname="newDay1.AdactinHotelLogin" name="login" time="1.284"/>
  <system-out/>
  <testcase classname="newDay1.AdactinHotelLogin" name="displayName" time="0.040"/>
  <system-out/>
  <testcase classname="newDay1.AdactinHotelLogin" name="logout" time="3.540"/>
  <system-out/>
</testsuite> <!-- newDay1.AdactinHotelLogin -->
